2020-05-26 21:10:27,306 - inputWord.py[line:107] - INFO: 共有3个文件第,正在录入第1个文件
2020-05-26 21:10:27,308 - inputWord.py[line:107] - INFO: AAFFS-文件剩余单词数：2
2020-05-26 21:10:33,934 - inputWord.py[line:107] - INFO: AAFFS-文件录入完成
2020-05-26 21:10:33,934 - inputWord.py[line:107] - INFO: AAFFS-文件剩余单词数：1
2020-05-26 21:10:43,054 - inputWord.py[line:107] - INFO: AAFFS-文件录入完成
2020-05-26 21:10:43,054 - inputWord.py[line:107] - INFO: 共有3个文件第,正在录入第2个文件
2020-05-26 21:10:43,055 - inputWord.py[line:107] - INFO: SFSSF-文件剩余单词数：3
2020-05-26 21:10:52,925 - inputWord.py[line:107] - INFO: SFSSF-文件录入完成
2020-05-26 21:10:52,926 - inputWord.py[line:107] - INFO: SFSSF-文件剩余单词数：2
2020-05-26 21:11:02,509 - inputWord.py[line:107] - INFO: SFSSF-文件录入完成
2020-05-26 21:11:02,510 - inputWord.py[line:107] - INFO: SFSSF-文件剩余单词数：1
2020-05-26 21:11:10,145 - inputWord.py[line:107] - INFO: SFSSF-文件录入完成
2020-05-26 21:11:10,146 - inputWord.py[line:107] - INFO: 共有3个文件第,正在录入第3个文件
2020-05-26 21:11:10,147 - inputWord.py[line:107] - INFO: zzzdd-文件剩余单词数：3
2020-05-26 21:11:16,082 - inputWord.py[line:107] - INFO: zzzdd-文件录入完成
2020-05-26 21:11:16,083 - inputWord.py[line:107] - INFO: zzzdd-文件剩余单词数：2
2020-05-26 21:11:21,167 - inputWord.py[line:107] - INFO: zzzdd-文件录入完成
2020-05-26 21:11:21,167 - inputWord.py[line:107] - INFO: zzzdd-文件剩余单词数：1
2020-05-26 21:11:29,967 - inputWord.py[line:107] - INFO: zzzdd-文件录入完成
2020-05-26 21:11:29,968 - inputWord.py[line:107] - INFO: 全部文件录入完成
2020-05-26 21:11:29,968 - inputWord.py[line:107] - INFO: ---------------------------------------------------------------
2020-05-26 21:15:37,349 - inputWord.py[line:107] - INFO: 共有1个文件第,正在录入第1个文件
2020-05-26 21:15:37,351 - inputWord.py[line:107] - INFO: ckckck-文件剩余单词数：3
2020-05-26 21:15:45,338 - inputWord.py[line:107] - INFO: 全部文件录入完成
2020-05-26 21:15:45,338 - inputWord.py[line:107] - INFO: ---------------------------------------------------------
2020-05-26 21:20:15,366 - inputWord.py[line:107] - INFO: 共有1个文件第,正在录入第1个文件
2020-05-26 21:20:15,368 - inputWord.py[line:107] - INFO: ckckck-文件剩余单词数：4
2020-05-26 21:20:23,490 - inputWord.py[line:107] - INFO: ckckck-文件剩余单词数：3
2020-05-26 21:20:31,126 - inputWord.py[line:107] - INFO: ckckck-文件剩余单词数：2
2020-05-26 21:20:39,439 - inputWord.py[line:107] - INFO: ckckck-文件剩余单词数：1
2020-05-26 21:20:45,769 - inputWord.py[line:107] - INFO: ckckck-文件录入完成
2020-05-26 21:20:45,770 - inputWord.py[line:107] - INFO: 全部文件录入完成
2020-05-26 21:20:45,771 - inputWord.py[line:107] - INFO: ---------------------------------------------------------
